--- Processing session 54810 (1/2) ---
ğŸ“„ Title: ì œ22ëŒ€ ì œ426íšŒ ì œ1ì°¨ êµ­íšŒë³¸íšŒì˜ (2025ë…„ 06ì›” 05ì¼)
ğŸ“¥ Downloading PDF from: https://record.assembly.go.kr/assembly/viewer/minutes/download/pdf.do?id=54810
âœ… PDF downloaded: temp_files/session_54810_1749570071.pdf
ğŸ“„ Extracting text from PDF...
ğŸ“– Processing 46 pages...
ğŸ“„ Processed 20/46 pages...
ğŸ“„ Processed 40/46 pages...
âœ… Extracted 54281 characters
ğŸ¤– Processing with LLM...
ğŸ“‹ Bills context: 95 bills found
2025-06-10 15:41:23,656 - api.tasks - INFO - tasks - process_session_pdf_text - 4106 - ğŸ”„ Processing PDF text for session 54810 (54281 chars)
2025-06-10 15:41:23,657 - api.tasks - INFO - tasks - clean_pdf_text - 4172 - ğŸ“– Isolated discussion block of 9043 chars (from original 54281).
2025-06-10 15:41:23,657 - api.tasks - INFO - tasks - clean_pdf_text - 4197 - ğŸ§¹ Text cleaning complete. Final length: 8960
2025-06-10 15:41:23,658 - api.tasks - INFO - tasks - extract_statements_with_llm_discovery - 2789 - ğŸ¤– Starting LLM discovery and segmentation for session: 54810
2025-06-10 15:41:32,154 - api.tasks - INFO - tasks - extract_statements_with_llm_discovery - 2933 - ğŸ› DEBUG: Raw LLM response length: 0 chars
2025-06-10 15:41:32,154 - api.tasks - INFO - tasks - extract_statements_with_llm_discovery - 2934 - ğŸ› DEBUG: Raw LLM response (first 1000 chars): 
2025-06-10 15:41:32,154 - api.tasks - ERROR - tasks - extract_statements_with_llm_discovery - 2940 - âŒ Empty response from LLM discovery. Falling back to keyword extraction.
2025-06-10 15:41:32,154 - api.tasks - INFO - tasks - extract_statements_with_keyword_fallback - 3352 - ğŸ” Using keyword-based fallback extraction for session 54810
2025-06-10 15:41:32,155 - api.tasks - INFO - tasks - extract_statements_with_keyword_fallback - 3381 - Found 4 potential bill sections using keywords
2025-06-10 15:41:32,155 - api.tasks - INFO - tasks - process_single_segment_for_statements_with_splitting - 1896 - ğŸ” Stage 2 (â—¯ Splitting): For bill '2. ìˆœì§ í•´ë³‘ ìˆ˜ì‚¬ ë°©í•´ ë° ì‚¬ê±´ ì€í ë“±ì˜ ì§„ìƒê·œëª…ì„ ìœ„í•œ íŠ¹ë³„ê²€ì‚¬ì˜ ì„ëª… ë“±ì— ê´€í•œ' (session: 54810) - 95 chars
2025-06-10 15:41:32,155 - api.tasks - INFO - tasks - process_single_segment_for_statements_with_splitting - 1907 - No â—¯ markers found, skipping segment
2025-06-10 15:41:32,155 - api.tasks - INFO - tasks - process_single_segment_for_statements_with_splitting - 1896 - ğŸ” Stage 2 (â—¯ Splitting): For bill '3. ìœ¤ì„ì—´ ì „ ëŒ€í†µë ¹ ë“±ì— ì˜í•œ ë‚´ë€Â·ì™¸í™˜ í–‰ìœ„ì˜ ì§„ìƒê·œëª…ì„ ìœ„í•œ íŠ¹ë³„ê²€ì‚¬ ì„ëª… ë“±ì—' (session: 54810) - 97 chars
2025-06-10 15:41:32,155 - api.tasks - INFO - tasks - process_single_segment_for_statements_with_splitting - 1907 - No â—¯ markers found, skipping segment
2025-06-10 15:41:32,155 - api.tasks - INFO - tasks - process_single_segment_for_statements_with_splitting - 1896 - ğŸ” Stage 2 (â—¯ Splitting): For bill '4. ê¹€ê±´í¬ì™€ ëª…íƒœê· Â·ê±´ì§„ë²•ì‚¬ ê´€ë ¨ êµ­ì •ë†ë‹¨ ë° ë¶ˆë²• ì„ ê±° ê°œì… ì‚¬ê±´ ë“± ì§„ìƒê·œëª…ì„ ìœ„í•œ' (session: 54810) - 109 chars
2025-06-10 15:41:32,155 - api.tasks - INFO - tasks - process_single_segment_for_statements_with_splitting - 1907 - No â—¯ markers found, skipping segment
2025-06-10 15:41:32,155 - api.tasks - INFO - tasks - process_single_segment_for_statements_with_splitting - 1896 - ğŸ” Stage 2 (â—¯ Splitting): For bill 'â—¯ì˜ì¥ ìš°ì›ì‹ ì˜ì‚¬ì¼ì • ì œ1í•­ ê²€ì‚¬ì§•ê³„ë²• ì¼ë¶€ê°œì •ë²•ë¥ ì•ˆë¶€í„° ì˜ì‚¬ì¼ì • ì œ4í•­ ê¹€ê±´í¬' (session: 54810) - 7147 chars
2025-06-10 15:41:32,156 - api.tasks - INFO - tasks - process_single_segment_for_statements_with_splitting - 1926 - Split text into 9 individual speech segments based on â—¯ markers. Segment sizes: [161, 1263, 113, 1805, 54, 1777, 582, 555, 806] chars
2025-06-10 15:41:32,156 - api.tasks - INFO - tasks - process_speech_segments_multithreaded - 1955 - ğŸš€ Processing 9 speech segments in parallel batch for bill 'â—¯ì˜ì¥ ìš°ì›ì‹ ì˜ì‚¬ì¼ì • ì œ1í•­ ê²€ì‚¬ì§•ê³„ë²• ì¼ë¶€ê°œì •ë²•ë¥ ì•ˆë¶€í„° ì˜ì‚¬ì¼ì • ì œ4í•­ ê¹€ê±´í¬'
2025-06-10 15:41:32,156 - api.tasks - INFO - tasks - analyze_speech_segment_with_llm_batch - 2251 - ğŸš€ Batch analyzing 9 speech segments for bill 'â—¯ì˜ì¥ ìš°ì›ì‹ ì˜ì‚¬ì¼ì • ì œ1í•­ ê²€ì‚¬ì§•ê³„ë²• ì¼ë¶€ê°œì •ë²•ë¥ ì•ˆë¶€í„° ì˜ì‚¬ì¼ì • ì œ4í•­ ê¹€ê±´í¬...' using gemini-2.0-flash
2025-06-10 15:41:32,457 - api.tasks - INFO - tasks - get_all_assembly_members - 1806 - âœ… Using 3022 assembly member names from local database
2025-06-10 15:41:32,457 - api.tasks - INFO - tasks - analyze_speech_segment_with_llm_batch - 2266 - Processing batch 1/1: segments 0-8
2025-06-10 15:41:34,781 - api.tasks - INFO - tasks - _execute_batch_analysis - 2462 - Batch processing took 2.3s for 9 segments
2025-06-10 15:41:34,835 - api.tasks - INFO - tasks - _execute_batch_analysis - 2585 - âœ… Batch processed 8 valid statements from 9 segments
2025-06-10 15:41:34,835 - api.tasks - INFO - tasks - analyze_speech_segment_with_llm_batch - 2304 - âœ… Batch analysis completed: 8 valid statements from 9 segments
2025-06-10 15:41:34,836 - api.tasks - INFO - tasks - process_speech_segments_multithreaded - 1963 - ğŸ‰ Parallel batch processing completed for 'â—¯ì˜ì¥ ìš°ì›ì‹ ì˜ì‚¬ì¼ì • ì œ1í•­ ê²€ì‚¬ì§•ê³„ë²• ì¼ë¶€ê°œì •ë²•ë¥ ì•ˆë¶€í„° ì˜ì‚¬ì¼ì • ì œ4í•­ ê¹€ê±´í¬': 8 valid statements from 9 segments
2025-06-10 15:41:34,836 - api.tasks - INFO - tasks - process_single_segment_for_statements_with_splitting - 1934 - âœ… â—¯-based processing for 'â—¯ì˜ì¥ ìš°ì›ì‹ ì˜ì‚¬ì¼ì • ì œ1í•­ ê²€ì‚¬ì§•ê³„ë²• ì¼ë¶€ê°œì •ë²•ë¥ ì•ˆë¶€í„° ì˜ì‚¬ì¼ì • ì œ4í•­ ê¹€ê±´í¬' resulted in 8 statements from 9 speech segments
2025-06-10 15:41:34,836 - api.tasks - INFO - tasks - extract_statements_with_keyword_fallback - 3412 - âœ… Keyword-based extraction completed: 8 statements
2025-06-10 15:41:34,836 - api.tasks - INFO - tasks - process_session_pdf_text - 4126 - âœ… Extracted 8 statements in total for session 54810
2025-06-10 15:41:34,836 - api.tasks - INFO - tasks - process_extracted_statements_data - 3182 - Attempting to save 8 statements for session 54810.
2025-06-10 15:41:34,836 - api.tasks - DEBUG - tasks - process_extracted_statements_data - 3198 - Extracted text from indices [1:1405]: 1404 chars
2025-06-10 15:41:35,074 - api.tasks - ERROR - tasks - process_extracted_statements_data - 3330 - âŒ Error creating statement object in DB: Statement() got unexpected keyword arguments: 'category_analysis', 'policy_keywords', 'bill_specific_keywords_json' for speaker ë°•ë²”ê³„
2025-06-10 15:41:35,075 - api.tasks - ERROR - tasks - process_extracted_statements_data - 3333 - Failing statement data: {
  "segment_index": 0,
  "speaker_name": "ë°•ë²”ê³„",
  "start_idx": 1,
  "end_idx": 1405,
  "is_valid_member": true,
  "is_substantial": true,
  "sentiment_score": -0.1,
  "bill_relevance_score": 0.9,
  "associated_bill_name": "â—¯ì˜ì¥ ìš°ì›ì‹ ì˜ì‚¬ì¼ì • ì œ1í•­ ê²€ì‚¬ì§•ê³„ë²• ì¼ë¶€ê°œì •ë²•ë¥ ì•ˆë¶€í„° ì˜ì‚¬ì¼ì • ì œ4í•­ ê¹€ê±´í¬"
}
2025-06-10 15:41:35,075 - api.tasks - ERROR - tasks - process_extracted_statements_data - 3336 - Traceback for statement save error:
Traceback (most recent call last):
  File "/home/runner/workspace/backend/api/tasks.py", line 3297, in process_extracted_statements_data
    new_statement = Statement(
                    ^^^^^^^^^^
  File "/home/runner/workspace/.pythonlibs/lib/python3.12/site-packages/django/db/models/base.py", line 567, in __init__
    raise TypeError(
TypeError: Statement() got unexpected keyword arguments: 'category_analysis', 'policy_keywords', 'bill_specific_keywords_json'
2025-06-10 15:41:35,077 - api.tasks - DEBUG - tasks - process_extracted_statements_data - 3198 - Extracted text from indices [1:1405]: 1404 chars
2025-06-10 15:41:35,305 - api.tasks - ERROR - tasks - process_extracted_statements_data - 3330 - âŒ Error creating statement object in DB: Statement() got unexpected keyword arguments: 'category_analysis', 'policy_keywords', 'bill_specific_keywords_json' for speaker ë°•ë²”ê³„
2025-06-10 15:41:35,305 - api.tasks - ERROR - tasks - process_extracted_statements_data - 3333 - Failing statement data: {
  "speaker_name": "ë°•ë²”ê³„",
  "start_idx": 1,
  "end_idx": 1405,
  "sentiment_score": -0.1,
  "sentiment_reason": "LLM ë°°ì¹˜ ë¶„ì„ ì™„ë£Œ",
  "bill_relevance_score": 0.9,
  "policy_categories": [],
  "policy_keywords": [],
  "bill_specific_keywords": [],
  "segment_index": 0,
  "associated_bill_name": "â—¯ì˜ì¥ ìš°ì›ì‹ ì˜ì‚¬ì¼ì • ì œ1í•­ ê²€ì‚¬ì§•ê³„ë²• ì¼ë¶€ê°œì •ë²•ë¥ ì•ˆë¶€í„° ì˜ì‚¬ì¼ì • ì œ4í•­ ê¹€ê±´í¬"
}
2025-06-10 15:41:35,305 - api.tasks - ERROR - tasks - process_extracted_statements_data - 3336 - Traceback for statement save error:
Traceback (most recent call last):
  File "/home/runner/workspace/backend/api/tasks.py", line 3297, in process_extracted_statements_data
    new_statement = Statement(
                    ^^^^^^^^^^
  File "/home/runner/workspace/.pythonlibs/lib/python3.12/site-packages/django/db/models/base.py", line 567, in __init__
    raise TypeError(
TypeError: Statement() got unexpected keyword arguments: 'category_analysis', 'policy_keywords', 'bill_specific_keywords_json'
2025-06-10 15:41:35,306 - api.tasks - DEBUG - tasks - process_extracted_statements_data - 3198 - Extracted text from indices [1:1143]: 1142 chars
2025-06-10 15:41:35,534 - api.tasks - ERROR - tasks - process_extracted_statements_data - 3330 - âŒ Error creating statement object in DB: Statement() got unexpected keyword arguments: 'category_analysis', 'policy_keywords', 'bill_specific_keywords_json' for speaker ì£¼ì§„ìš°
2025-06-10 15:41:35,535 - api.tasks - ERROR - tasks - process_extracted_statements_data - 3333 - Failing statement data: {
  "segment_index": 1,
  "speaker_name": "ì£¼ì§„ìš°",
  "start_idx": 1,
  "end_idx": 1143,
  "is_valid_member": true,
  "is_substantial": true,
  "sentiment_score": -0.3,
  "bill_relevance_score": 0.8,
  "associated_bill_name": "â—¯ì˜ì¥ ìš°ì›ì‹ ì˜ì‚¬ì¼ì • ì œ1í•­ ê²€ì‚¬ì§•ê³„ë²• ì¼ë¶€ê°œì •ë²•ë¥ ì•ˆë¶€í„° ì˜ì‚¬ì¼ì • ì œ4í•­ ê¹€ê±´í¬"
}
2025-06-10 15:41:35,535 - api.tasks - ERROR - tasks - process_extracted_statements_data - 3336 - Traceback for statement save error:
Traceback (most recent call last):
  File "/home/runner/workspace/backend/api/tasks.py", line 3297, in process_extracted_statements_data
    new_statement = Statement(
                    ^^^^^^^^^^
  File "/home/runner/workspace/.pythonlibs/lib/python3.12/site-packages/django/db/models/base.py", line 567, in __init__
    raise TypeError(
TypeError: Statement() got unexpected keyword arguments: 'category_analysis', 'policy_keywords', 'bill_specific_keywords_json'
2025-06-10 15:41:35,535 - api.tasks - DEBUG - tasks - process_extracted_statements_data - 3198 - Extracted text from indices [1:1143]: 1142 chars
2025-06-10 15:41:35,764 - api.tasks - ERROR - tasks - process_extracted_statements_data - 3330 - âŒ Error creating statement object in DB: Statement() got unexpected keyword arguments: 'category_analysis', 'policy_keywords', 'bill_specific_keywords_json' for speaker ì£¼ì§„ìš°
2025-06-10 15:41:35,764 - api.tasks - ERROR - tasks - process_extracted_statements_data - 3333 - Failing statement data: {
  "speaker_name": "ì£¼ì§„ìš°",
  "start_idx": 1,
  "end_idx": 1143,
  "sentiment_score": -0.3,
  "sentiment_reason": "LLM ë°°ì¹˜ ë¶„ì„ ì™„ë£Œ",
  "bill_relevance_score": 0.8,
  "policy_categories": [],
  "policy_keywords": [],
  "bill_specific_keywords": [],
  "segment_index": 1,
  "associated_bill_name": "â—¯ì˜ì¥ ìš°ì›ì‹ ì˜ì‚¬ì¼ì • ì œ1í•­ ê²€ì‚¬ì§•ê³„ë²• ì¼ë¶€ê°œì •ë²•ë¥ ì•ˆë¶€í„° ì˜ì‚¬ì¼ì • ì œ4í•­ ê¹€ê±´í¬"
}
2025-06-10 15:41:35,764 - api.tasks - ERROR - tasks - process_extracted_statements_data - 3336 - Traceback for statement save error:
Traceback (most recent call last):
  File "/home/runner/workspace/backend/api/tasks.py", line 3297, in process_extracted_statements_data
    new_statement = Statement(
                    ^^^^^^^^^^
  File "/home/runner/workspace/.pythonlibs/lib/python3.12/site-packages/django/db/models/base.py", line 567, in __init__
    raise TypeError(
TypeError: Statement() got unexpected keyword arguments: 'category_analysis', 'policy_keywords', 'bill_specific_keywords_json'
2025-06-10 15:41:35,764 - api.tasks - DEBUG - tasks - process_extracted_statements_data - 3198 - Extracted text from indices [1:1021]: 1019 chars
2025-06-10 15:41:35,992 - api.tasks - ERROR - tasks - process_extracted_statements_data - 3330 - âŒ Error creating statement object in DB: Statement() got unexpected keyword arguments: 'category_analysis', 'policy_keywords', 'bill_specific_keywords_json' for speaker ê¹€ìš©ë¯¼
2025-06-10 15:41:35,993 - api.tasks - ERROR - tasks - process_extracted_statements_data - 3333 - Failing statement data: {
  "segment_index": 2,
  "speaker_name": "ê¹€ìš©ë¯¼",
  "start_idx": 1,
  "end_idx": 1021,
  "is_valid_member": true,
  "is_substantial": true,
  "sentiment_score": 0.4,
  "bill_relevance_score": 0.9,
  "associated_bill_name": "â—¯ì˜ì¥ ìš°ì›ì‹ ì˜ì‚¬ì¼ì • ì œ1í•­ ê²€ì‚¬ì§•ê³„ë²• ì¼ë¶€ê°œì •ë²•ë¥ ì•ˆë¶€í„° ì˜ì‚¬ì¼ì • ì œ4í•­ ê¹€ê±´í¬"
}
2025-06-10 15:41:35,993 - api.tasks - ERROR - tasks - process_extracted_statements_data - 3336 - Traceback for statement save error:
Traceback (most recent call last):
  File "/home/runner/workspace/backend/api/tasks.py", line 3297, in process_extracted_statements_data
    new_statement = Statement(
                    ^^^^^^^^^^
  File "/home/runner/workspace/.pythonlibs/lib/python3.12/site-packages/django/db/models/base.py", line 567, in __init__
    raise TypeError(
TypeError: Statement() got unexpected keyword arguments: 'category_analysis', 'policy_keywords', 'bill_specific_keywords_json'
2025-06-10 15:41:35,993 - api.tasks - DEBUG - tasks - process_extracted_statements_data - 3198 - Extracted text from indices [1:1021]: 1019 chars
2025-06-10 15:41:36,222 - api.tasks - ERROR - tasks - process_extracted_statements_data - 3330 - âŒ Error creating statement object in DB: Statement() got unexpected keyword arguments: 'category_analysis', 'policy_keywords', 'bill_specific_keywords_json' for speaker ê¹€ìš©ë¯¼
2025-06-10 15:41:36,222 - api.tasks - ERROR - tasks - process_extracted_statements_data - 3333 - Failing statement data: {
  "speaker_name": "ê¹€ìš©ë¯¼",
  "start_idx": 1,
  "end_idx": 1021,
  "sentiment_score": 0.4,
  "sentiment_reason": "LLM ë°°ì¹˜ ë¶„ì„ ì™„ë£Œ",
  "bill_relevance_score": 0.9,
  "policy_categories": [],
  "policy_keywords": [],
  "bill_specific_keywords": [],
  "segment_index": 2,
  "associated_bill_name": "â—¯ì˜ì¥ ìš°ì›ì‹ ì˜ì‚¬ì¼ì • ì œ1í•­ ê²€ì‚¬ì§•ê³„ë²• ì¼ë¶€ê°œì •ë²•ë¥ ì•ˆë¶€í„° ì˜ì‚¬ì¼ì • ì œ4í•­ ê¹€ê±´í¬"
}
2025-06-10 15:41:36,222 - api.tasks - ERROR - tasks - process_extracted_statements_data - 3336 - Traceback for statement save error:
Traceback (most recent call last):
  File "/home/runner/workspace/backend/api/tasks.py", line 3297, in process_extracted_statements_data
    new_statement = Statement(
                    ^^^^^^^^^^
  File "/home/runner/workspace/.pythonlibs/lib/python3.12/site-packages/django/db/models/base.py", line 567, in __init__
    raise TypeError(
TypeError: Statement() got unexpected keyword arguments: 'category_analysis', 'policy_keywords', 'bill_specific_keywords_json'
2025-06-10 15:41:36,223 - api.tasks - DEBUG - tasks - process_extracted_statements_data - 3198 - Extracted text from indices [1:610]: 609 chars
2025-06-10 15:41:36,451 - api.tasks - ERROR - tasks - process_extracted_statements_data - 3330 - âŒ Error creating statement object in DB: Statement() got unexpected keyword arguments: 'category_analysis', 'policy_keywords', 'bill_specific_keywords_json' for speaker ë°•ì„±ì¤€
2025-06-10 15:41:36,451 - api.tasks - ERROR - tasks - process_extracted_statements_data - 3333 - Failing statement data: {
  "segment_index": 3,
  "speaker_name": "ë°•ì„±ì¤€",
  "start_idx": 1,
  "end_idx": 610,
  "is_valid_member": true,
  "is_substantial": true,
  "sentiment_score": 0.2,
  "bill_relevance_score": 0.9,
  "associated_bill_name": "â—¯ì˜ì¥ ìš°ì›ì‹ ì˜ì‚¬ì¼ì • ì œ1í•­ ê²€ì‚¬ì§•ê³„ë²• ì¼ë¶€ê°œì •ë²•ë¥ ì•ˆë¶€í„° ì˜ì‚¬ì¼ì • ì œ4í•­ ê¹€ê±´í¬"
}
2025-06-10 15:41:36,451 - api.tasks - ERROR - tasks - process_extracted_statements_data - 3336 - Traceback for statement save error:
Traceback (most recent call last):
  File "/home/runner/workspace/backend/api/tasks.py", line 3297, in process_extracted_statements_data
    new_statement = Statement(
                    ^^^^^^^^^^
  File "/home/runner/workspace/.pythonlibs/lib/python3.12/site-packages/django/db/models/base.py", line 567, in __init__
    raise TypeError(
TypeError: Statement() got unexpected keyword arguments: 'category_analysis', 'policy_keywords', 'bill_specific_keywords_json'
2025-06-10 15:41:36,452 - api.tasks - DEBUG - tasks - process_extracted_statements_data - 3198 - Extracted text from indices [1:610]: 609 chars
2025-06-10 15:41:36,683 - api.tasks - ERROR - tasks - process_extracted_statements_data - 3330 - âŒ Error creating statement object in DB: Statement() got unexpected keyword arguments: 'category_analysis', 'policy_keywords', 'bill_specific_keywords_json' for speaker ë°•ì„±ì¤€
2025-06-10 15:41:36,684 - api.tasks - ERROR - tasks - process_extracted_statements_data - 3333 - Failing statement data: {
  "speaker_name": "ë°•ì„±ì¤€",
  "start_idx": 1,
  "end_idx": 610,
  "sentiment_score": 0.2,
  "sentiment_reason": "LLM ë°°ì¹˜ ë¶„ì„ ì™„ë£Œ",
  "bill_relevance_score": 0.9,
  "policy_categories": [],
  "policy_keywords": [],
  "bill_specific_keywords": [],
  "segment_index": 3,
  "associated_bill_name": "â—¯ì˜ì¥ ìš°ì›ì‹ ì˜ì‚¬ì¼ì • ì œ1í•­ ê²€ì‚¬ì§•ê³„ë²• ì¼ë¶€ê°œì •ë²•ë¥ ì•ˆë¶€í„° ì˜ì‚¬ì¼ì • ì œ4í•­ ê¹€ê±´í¬"
}
2025-06-10 15:41:36,684 - api.tasks - ERROR - tasks - process_extracted_statements_data - 3336 - Traceback for statement save error:
Traceback (most recent call last):
  File "/home/runner/workspace/backend/api/tasks.py", line 3297, in process_extracted_statements_data
    new_statement = Statement(
                    ^^^^^^^^^^
  File "/home/runner/workspace/.pythonlibs/lib/python3.12/site-packages/django/db/models/base.py", line 567, in __init__
    raise TypeError(
TypeError: Statement() got unexpected keyword arguments: 'category_analysis', 'policy_keywords', 'bill_specific_keywords_json'
2025-06-10 15:41:36,685 - api.tasks - INFO - tasks - process_extracted_statements_data - 3339 - ğŸ‰ Saved 0 new statements for session 54810.
âœ… LLM processing completed
ğŸ—‘ï¸ Cleaned up temporary PDF file